Time resolution is 1 ps
Starting testbench...

Test1: 3.5 * -2.0
0x40600000  sign=0 exp=128 frac=0x600000
0xc0000000  sign=1 exp=128 frac=0x000000
0xc0e00000  sign=1 exp=129 frac=0x600000
Result hex = 0xc0e00000 (expected approx 0xC0E00000)

Test2: 1.5 * 2.0
0x3fc00000  sign=0 exp=127 frac=0x400000
0x40000000  sign=0 exp=128 frac=0x000000
0x40400000  sign=0 exp=128 frac=0x400000
Result hex = 0x40400000 (expected approx 0x40400000)

Test3: 0.0 * 5.0
0x00000000  sign=0 exp=0 frac=0x000000
0x40a00000  sign=0 exp=129 frac=0x200000
0x00000000  sign=0 exp=0 frac=0x000000

Test4: Inf * 2.0
0x7f800000  sign=0 exp=255 frac=0x000000
0x40000000  sign=0 exp=128 frac=0x000000
0x7f800000  sign=0 exp=255 frac=0x000000

Test5: NaN * 2.0
0x7fc00001  sign=0 exp=255 frac=0x400001
0x40000000  sign=0 exp=128 frac=0x000000
0x7fc00000  sign=0 exp=255 frac=0x400000

Tests completed.
$finish called at time : 25 ns : File "C:/Users/krish/Documents/Jadavpur University/Final Year Project/fp_mul/fp_mul.srcs/sim_1/new/fp_mul_tb.v" Line 56
