
*** Running vivado
    with args -log fp_mul_pipelined.vds -m64 -product Vivado -mode batch -messageDb vivado.pb -notrace -source fp_mul_pipelined.tcl



****** Vivado v2024.2 (64-bit)
  **** SW Build 5239630 on Fri Nov 08 22:35:27 MST 2024
  **** IP Build 5239520 on Sun Nov 10 16:12:51 MST 2024
  **** SharedData Build 5239561 on Fri Nov 08 14:39:27 MST 2024
  **** Start of session at: Fri Nov 14 14:29:16 2025
    ** Copyright 1986-2022 Xilinx, Inc. All Rights Reserved.
    ** Copyright 2022-2024 Advanced Micro Devices, Inc. All Rights Reserved.

source fp_mul_pipelined.tcl -notrace
Command: synth_design -top fp_mul_pipelined -part xc7k70tfbv676-1
Starting synth_design
Attempting to get a license for feature 'Synthesis' and/or device 'xc7k70t'
INFO: [Common 17-349] Got license for feature 'Synthesis' and/or device 'xc7k70t'
INFO: [Synth 8-7079] Multithreading enabled for synth_design using a maximum of 2 processes.
INFO: [Synth 8-7078] Launching helper process for spawning children vivado processes
INFO: [Synth 8-7075] Helper process launched with PID 18504
---------------------------------------------------------------------------------
Starting Synthesize : Time (s): cpu = 00:00:05 ; elapsed = 00:00:06 . Memory (MB): peak = 847.512 ; gain = 478.344
---------------------------------------------------------------------------------
INFO: [Synth 8-6157] synthesizing module 'fp_mul_pipelined' [C:/Users/krish/Documents/Jadavpur University/Final Year Project/fp_mul_advanced/fp_mul_advanced.srcs/sources_1/new/fp_mul_pipelined.v:8]
INFO: [Synth 8-6157] synthesizing module 'vedic24x24' [C:/Users/krish/Documents/Jadavpur University/Final Year Project/fp_mul_advanced/fp_mul_advanced.srcs/sources_1/new/vedic24x24.v:13]
INFO: [Synth 8-6157] synthesizing module 'vedic12x12' [C:/Users/krish/Documents/Jadavpur University/Final Year Project/fp_mul_advanced/fp_mul_advanced.srcs/sources_1/new/vedic12x12.v:12]
INFO: [Synth 8-6157] synthesizing module 'vedic6x6' [C:/Users/krish/Documents/Jadavpur University/Final Year Project/fp_mul_advanced/fp_mul_advanced.srcs/sources_1/new/vedic6x6.v:12]
INFO: [Synth 8-6157] synthesizing module 'vedic3x3' [C:/Users/krish/Documents/Jadavpur University/Final Year Project/fp_mul_advanced/fp_mul_advanced.srcs/sources_1/new/vedic3x3.v:12]
INFO: [Synth 8-6155] done synthesizing module 'vedic3x3' (0#1) [C:/Users/krish/Documents/Jadavpur University/Final Year Project/fp_mul_advanced/fp_mul_advanced.srcs/sources_1/new/vedic3x3.v:12]
INFO: [Synth 8-6155] done synthesizing module 'vedic6x6' (0#1) [C:/Users/krish/Documents/Jadavpur University/Final Year Project/fp_mul_advanced/fp_mul_advanced.srcs/sources_1/new/vedic6x6.v:12]
INFO: [Synth 8-6155] done synthesizing module 'vedic12x12' (0#1) [C:/Users/krish/Documents/Jadavpur University/Final Year Project/fp_mul_advanced/fp_mul_advanced.srcs/sources_1/new/vedic12x12.v:12]
INFO: [Synth 8-6155] done synthesizing module 'vedic24x24' (0#1) [C:/Users/krish/Documents/Jadavpur University/Final Year Project/fp_mul_advanced/fp_mul_advanced.srcs/sources_1/new/vedic24x24.v:13]
INFO: [Synth 8-6155] done synthesizing module 'fp_mul_pipelined' (0#1) [C:/Users/krish/Documents/Jadavpur University/Final Year Project/fp_mul_advanced/fp_mul_advanced.srcs/sources_1/new/fp_mul_pipelined.v:8]
---------------------------------------------------------------------------------
Finished Synthesize : Time (s): cpu = 00:00:06 ; elapsed = 00:00:08 . Memory (MB): peak = 953.863 ; gain = 584.695
---------------------------------------------------------------------------------
---------------------------------------------------------------------------------
Finished Constraint Validation : Time (s): cpu = 00:00:07 ; elapsed = 00:00:09 . Memory (MB): peak = 953.863 ; gain = 584.695
---------------------------------------------------------------------------------
---------------------------------------------------------------------------------
Start Loading Part and Timing Information
---------------------------------------------------------------------------------
Loading part: xc7k70tfbv676-1
INFO: [Device 21-403] Loading part xc7k70tfbv676-1
---------------------------------------------------------------------------------
Finished Loading Part and Timing Information : Time (s): cpu = 00:00:07 ; elapsed = 00:00:09 . Memory (MB): peak = 953.863 ; gain = 584.695
---------------------------------------------------------------------------------
---------------------------------------------------------------------------------
Finished RTL Optimization Phase 2 : Time (s): cpu = 00:00:07 ; elapsed = 00:00:09 . Memory (MB): peak = 953.863 ; gain = 584.695
---------------------------------------------------------------------------------
No constraint files found.
---------------------------------------------------------------------------------
Start RTL Component Statistics 
---------------------------------------------------------------------------------
Detailed RTL Component Info : 
+---Adders : 
	   4 Input   48 Bit       Adders := 1     
	   4 Input   24 Bit       Adders := 4     
	   4 Input   12 Bit       Adders := 16    
	   4 Input   10 Bit       Adders := 1     
+---XORs : 
	   2 Input      1 Bit         XORs := 1     
+---Registers : 
	               32 Bit    Registers := 3     
	               23 Bit    Registers := 1     
	               10 Bit    Registers := 1     
	                1 Bit    Registers := 10    
+---Muxes : 
	   2 Input   32 Bit        Muxes := 2     
	   2 Input   23 Bit        Muxes := 1     
---------------------------------------------------------------------------------
Finished RTL Component Statistics 
---------------------------------------------------------------------------------
---------------------------------------------------------------------------------
Start Part Resource Summary
---------------------------------------------------------------------------------
Part Resources:
DSPs: 240 (col length:80)
BRAMs: 270 (col length: RAMB18 80 RAMB36 40)
---------------------------------------------------------------------------------
Finished Part Resource Summary
---------------------------------------------------------------------------------
No constraint files found.
---------------------------------------------------------------------------------
Start Cross Boundary and Area Optimization
---------------------------------------------------------------------------------
WARNING: [Synth 8-7080] Parallel synthesis criteria is not met
---------------------------------------------------------------------------------
Finished Cross Boundary and Area Optimization : Time (s): cpu = 00:00:19 ; elapsed = 00:00:22 . Memory (MB): peak = 1273.250 ; gain = 904.082
---------------------------------------------------------------------------------
No constraint files found.
---------------------------------------------------------------------------------
Start Timing Optimization
---------------------------------------------------------------------------------
---------------------------------------------------------------------------------
Finished Timing Optimization : Time (s): cpu = 00:00:19 ; elapsed = 00:00:23 . Memory (MB): peak = 1273.250 ; gain = 904.082
---------------------------------------------------------------------------------
---------------------------------------------------------------------------------
Start Technology Mapping
---------------------------------------------------------------------------------
---------------------------------------------------------------------------------
Finished Technology Mapping : Time (s): cpu = 00:00:19 ; elapsed = 00:00:23 . Memory (MB): peak = 1273.250 ; gain = 904.082
---------------------------------------------------------------------------------
---------------------------------------------------------------------------------
Start IO Insertion
---------------------------------------------------------------------------------
---------------------------------------------------------------------------------
Start Flattening Before IO Insertion
---------------------------------------------------------------------------------
---------------------------------------------------------------------------------
Finished Flattening Before IO Insertion
---------------------------------------------------------------------------------
---------------------------------------------------------------------------------
Start Final Netlist Cleanup
---------------------------------------------------------------------------------
---------------------------------------------------------------------------------
Finished Final Netlist Cleanup
---------------------------------------------------------------------------------
---------------------------------------------------------------------------------
Finished IO Insertion : Time (s): cpu = 00:00:23 ; elapsed = 00:00:26 . Memory (MB): peak = 1339.441 ; gain = 970.273
---------------------------------------------------------------------------------
---------------------------------------------------------------------------------
Start Renaming Generated Instances
---------------------------------------------------------------------------------
---------------------------------------------------------------------------------
Finished Renaming Generated Instances : Time (s): cpu = 00:00:23 ; elapsed = 00:00:26 . Memory (MB): peak = 1339.441 ; gain = 970.273
---------------------------------------------------------------------------------
---------------------------------------------------------------------------------
Start Rebuilding User Hierarchy
---------------------------------------------------------------------------------
---------------------------------------------------------------------------------
Finished Rebuilding User Hierarchy : Time (s): cpu = 00:00:23 ; elapsed = 00:00:26 . Memory (MB): peak = 1339.441 ; gain = 970.273
---------------------------------------------------------------------------------
---------------------------------------------------------------------------------
Start Renaming Generated Ports
---------------------------------------------------------------------------------
---------------------------------------------------------------------------------
Finished Renaming Generated Ports : Time (s): cpu = 00:00:23 ; elapsed = 00:00:26 . Memory (MB): peak = 1339.441 ; gain = 970.273
---------------------------------------------------------------------------------
---------------------------------------------------------------------------------
Start Handling Custom Attributes
---------------------------------------------------------------------------------
---------------------------------------------------------------------------------
Finished Handling Custom Attributes : Time (s): cpu = 00:00:23 ; elapsed = 00:00:26 . Memory (MB): peak = 1339.441 ; gain = 970.273
---------------------------------------------------------------------------------
---------------------------------------------------------------------------------
Start Renaming Generated Nets
---------------------------------------------------------------------------------
---------------------------------------------------------------------------------
Finished Renaming Generated Nets : Time (s): cpu = 00:00:23 ; elapsed = 00:00:26 . Memory (MB): peak = 1339.441 ; gain = 970.273
---------------------------------------------------------------------------------
---------------------------------------------------------------------------------
Start Writing Synthesis Report
---------------------------------------------------------------------------------

Report BlackBoxes: 
+-+--------------+----------+
| |BlackBox name |Instances |
+-+--------------+----------+
+-+--------------+----------+

Report Cell Usage: 
+------+-------+------+
|      |Cell   |Count |
+------+-------+------+
|1     |BUFG   |     1|
|2     |CARRY4 |    80|
|3     |LUT1   |     1|
|4     |LUT2   |    24|
|5     |LUT3   |   102|
|6     |LUT4   |   243|
|7     |LUT5   |    88|
|8     |LUT6   |   332|
|9     |FDCE   |   139|
|10    |IBUF   |    67|
|11    |OBUF   |    33|
+------+-------+------+

Report Instance Areas: 
+------+----------+-------------+------+
|      |Instance  |Module       |Cells |
+------+----------+-------------+------+
|1     |top       |             |  1110|
|2     |  vedic_u |vedic24x24   |   807|
|3     |    u0    |vedic12x12   |   181|
|4     |      u0  |vedic6x6_14  |    41|
|5     |      u1  |vedic6x6_15  |    50|
|6     |      u2  |vedic6x6_16  |    34|
|7     |      u3  |vedic6x6_17  |    35|
|8     |    u1    |vedic12x12_0 |   214|
|9     |      u0  |vedic6x6_10  |    47|
|10    |      u1  |vedic6x6_11  |    49|
|11    |      u2  |vedic6x6_12  |    34|
|12    |      u3  |vedic6x6_13  |    39|
|13    |    u2    |vedic12x12_1 |   179|
|14    |      u0  |vedic6x6_6   |    41|
|15    |      u1  |vedic6x6_7   |    50|
|16    |      u2  |vedic6x6_8   |    34|
|17    |      u3  |vedic6x6_9   |    40|
|18    |    u3    |vedic12x12_2 |   214|
|19    |      u0  |vedic6x6     |    40|
|20    |      u1  |vedic6x6_3   |    49|
|21    |      u2  |vedic6x6_4   |    33|
|22    |      u3  |vedic6x6_5   |    77|
+------+----------+-------------+------+
---------------------------------------------------------------------------------
Finished Writing Synthesis Report : Time (s): cpu = 00:00:23 ; elapsed = 00:00:27 . Memory (MB): peak = 1339.441 ; gain = 970.273
---------------------------------------------------------------------------------
Synthesis finished with 0 errors, 0 critical warnings and 1 warnings.
Synthesis Optimization Runtime : Time (s): cpu = 00:00:23 ; elapsed = 00:00:27 . Memory (MB): peak = 1339.441 ; gain = 970.273
Synthesis Optimization Complete : Time (s): cpu = 00:00:23 ; elapsed = 00:00:27 . Memory (MB): peak = 1339.441 ; gain = 970.273
INFO: [Project 1-571] Translating synthesized netlist
Netlist sorting complete. Time (s): cpu = 00:00:00 ; elapsed = 00:00:00.010 . Memory (MB): peak = 1354.520 ; gain = 0.000
INFO: [Netlist 29-17] Analyzing 80 Unisim elements for replacement
INFO: [Netlist 29-28] Unisim Transformation completed in 0 CPU seconds
INFO: [Project 1-570] Preparing netlist for logic optimization
